0.835: [GC 0.835: [ParNew: 17024K->1664K(19136K), 0.0127340 secs] 17024K->1664K(83008K), 0.0128190 secs] [Times: user=0.00 sys=0.01, real=0.01 secs] 
1.047: [GC [1 CMS-initial-mark: 0K(63872K)] 9386K(83008K), 0.0136540 secs] [Times: user=0.00 sys=0.00, real=0.01 secs] 
1.061: [CMS-concurrent-mark-start]
1.082: [CMS-concurrent-mark: 0.021/0.021 secs] [Times: user=0.04 sys=0.00, real=0.03 secs] 
1.082: [CMS-concurrent-preclean-start]
1.085: [CMS-concurrent-preclean: 0.002/0.003 secs] [Times: user=0.01 sys=0.00, real=0.00 secs] 
1.085: [CMS-concurrent-abortable-preclean-start]
1.235: [GC 1.235: [ParNew: 18688K->1730K(19136K), 0.0213420 secs] 18688K->3663K(83008K), 0.0214330 secs] [Times: user=0.03 sys=0.00, real=0.02 secs] 
1.443: [CMS-concurrent-abortable-preclean: 0.014/0.358 secs] [Times: user=0.68 sys=0.01, real=0.36 secs] 
1.443: [GC[YG occupancy: 10314 K (19136 K)]1.443: [Rescan (parallel) , 0.0010590 secs]1.444: [weak refs processing, 0.0000060 secs] [1 CMS-remark: 1933K(63872K)] 12247K(83008K), 0.0011520 secs] [Times: user=0.00 sys=0.00, real=0.00 secs] 
1.444: [CMS-concurrent-sweep-start]
1.444: [CMS-concurrent-sweep: 0.000/0.000 secs] [Times: user=0.00 sys=0.00, real=0.00 secs] 
1.444: [CMS-concurrent-reset-start]
1.509: [GC 1.509: [ParNew: 18745K->391K(19136K), 0.0015890 secs] 20679K->2324K(83008K), 0.0016620 secs] [Times: user=0.01 sys=0.00, real=0.00 secs] 
1.740: [GC 1.740: [ParNew: 17415K->377K(19136K), 0.0023860 secs] 19348K->2310K(83008K), 0.0024600 secs] [Times: user=0.00 sys=0.00, real=0.01 secs] 
1.868: [CMS-concurrent-reset: 0.035/0.424 secs] [Times: user=0.76 sys=0.06, real=0.42 secs] 
1.962: [GC 1.962: [ParNew: 17401K->2112K(19136K), 0.0083660 secs] 19334K->4288K(83008K) icms_dc=5 , 0.0084670 secs] [Times: user=0.02 sys=0.00, real=0.00 secs] 
2.139: [GC [1 CMS-initial-mark: 2176K(63872K)] 12477K(83008K), 0.0275000 secs] [Times: user=0.05 sys=0.00, real=0.03 secs] 
2.166: [CMS-concurrent-mark-start]
2.475: [GC 2.475: [ParNew: 19136K->1645K(19136K), 0.0234010 secs] 21312K->5972K(83008K) icms_dc=5 , 0.0234980 secs] [Times: user=0.04 sys=0.00, real=0.02 secs] 
2.892: [GC 2.892: [ParNew: 18669K->2112K(19136K), 0.0080530 secs] 22996K->6539K(83008K) icms_dc=5 , 0.0180210 secs] [Times: user=0.03 sys=0.00, real=0.01 secs] 
3.204: [CMS-concurrent-mark: 0.055/1.037 secs] [Times: user=2.03 sys=0.02, real=1.04 secs] 
3.204: [CMS-concurrent-preclean-start]
3.210: [CMS-concurrent-preclean: 0.007/0.007 secs] [Times: user=0.02 sys=0.00, real=0.00 secs] 
3.210: [CMS-concurrent-abortable-preclean-start]
3.304: [GC 3.304: [ParNew: 19136K->1764K(19136K), 0.0169820 secs] 23563K->8212K(83008K) icms_dc=7 , 0.0170730 secs] [Times: user=0.03 sys=0.00, real=0.01 secs] 
3.355: [CMS-concurrent-abortable-preclean: 0.042/0.144 secs] [Times: user=0.22 sys=0.00, real=0.15 secs] 
3.355: [GC[YG occupancy: 10454 K (19136 K)]3.355: [Rescan (parallel) , 0.0083300 secs]3.363: [weak refs processing, 0.0000070 secs] [1 CMS-remark: 6448K(63872K)] 16902K(83008K), 0.0084280 secs] [Times: user=0.02 sys=0.00, real=0.01 secs] 
3.364: [CMS-concurrent-sweep-start]
3.366: [CMS-concurrent-sweep: 0.002/0.002 secs] [Times: user=0.00 sys=0.00, real=0.00 secs] 
3.366: [CMS-concurrent-reset-start]
3.376: [CMS-concurrent-reset: 0.010/0.010 secs] [Times: user=0.01 sys=0.00, real=0.01 secs] 
3.571: [GC 3.571: [ParNew: 18788K->1583K(19136K), 0.0100070 secs] 25230K->9533K(83008K) icms_dc=8 , 0.0101010 secs] [Times: user=0.02 sys=0.00, real=0.01 secs] 
3.771: [GC [1 CMS-initial-mark: 7949K(63872K)] 17600K(83008K), 0.0060510 secs] [Times: user=0.00 sys=0.00, real=0.00 secs] 
3.778: [CMS-concurrent-mark-start]
3.878: [GC 3.878: [ParNew: 18607K->2092K(19136K), 0.0040320 secs] 26557K->10041K(83008K) icms_dc=8 , 0.0041140 secs] [Times: user=0.01 sys=0.00, real=0.01 secs] 
3.943: [CMS-concurrent-mark: 0.038/0.166 secs] [Times: user=0.24 sys=0.02, real=0.17 secs] 
3.943: [CMS-concurrent-preclean-start]
3.944: [CMS-concurrent-preclean: 0.001/0.001 secs] [Times: user=0.00 sys=0.00, real=0.00 secs] 
3.944: [CMS-concurrent-abortable-preclean-start]
4.011: [GC 4.011: [ParNew: 19116K->2112K(19136K), 0.0104840 secs] 27065K->11030K(83008K) icms_dc=9 , 0.0106090 secs] [Times: user=0.01 sys=0.01, real=0.02 secs] 
4.159: [CMS-concurrent-abortable-preclean: 0.007/0.215 secs] [Times: user=0.34 sys=0.01, real=0.21 secs] 
4.160: [GC[YG occupancy: 19136 K (19136 K)]4.160: [Rescan (parallel) , 0.0150310 secs]4.176: [weak refs processing, 0.0000100 secs] [1 CMS-remark: 8918K(63872K)] 28054K(83008K), 0.0151430 secs] [Times: user=0.03 sys=0.00, real=0.02 secs] 
4.181: [CMS-concurrent-sweep-start]
4.181: [GC 4.181: [ParNew: 19136K->1922K(19136K), 0.0159400 secs] 28054K->12970K(83008K) icms_dc=24 , 0.0160290 secs] [Times: user=0.03 sys=0.00, real=0.02 secs] 
4.241: [CMS-concurrent-sweep: 0.018/0.061 secs] [Times: user=0.10 sys=0.00, real=0.07 secs] 
4.242: [CMS-concurrent-reset-start]
4.345: [GC 4.345: [ParNew: 18946K->1533K(19136K), 0.0174530 secs] 29137K->13083K(83008K) icms_dc=27 , 0.0175420 secs] [Times: user=0.04 sys=0.00, real=0.02 secs] 
4.468: [CMS-concurrent-reset: 0.010/0.227 secs] [Times: user=0.45 sys=0.00, real=0.22 secs] 
4.611: [GC 4.611: [ParNew: 18557K->2112K(19136K), 0.0083820 secs] 30107K->13902K(83008K) icms_dc=21 , 0.0084770 secs] [Times: user=0.01 sys=0.00, real=0.01 secs] 
4.708: [GC [1 CMS-initial-mark: 11790K(63872K)] 20764K(83008K), 0.0116450 secs] [Times: user=0.01 sys=0.00, real=0.01 secs] 
4.720: [CMS-concurrent-mark-start]
4.786: [CMS-concurrent-mark: 0.066/0.066 secs] [Times: user=0.13 sys=0.00, real=0.07 secs] 
4.786: [CMS-concurrent-preclean-start]
4.786: [CMS-concurrent-preclean: 0.001/0.001 secs] [Times: user=0.00 sys=0.00, real=0.00 secs] 
4.786: [CMS-concurrent-abortable-preclean-start]
4.872: [GC 4.873: [ParNew: 19136K->1706K(19136K), 0.0178000 secs] 30926K->15472K(83008K) icms_dc=21 , 0.0178990 secs] [Times: user=0.03 sys=0.00, real=0.01 secs] 
4.990: [GC 4.990: [ParNew: 18730K->1435K(19136K), 0.0103520 secs] 32496K->16538K(83008K) icms_dc=21 , 0.0104460 secs] [Times: user=0.02 sys=0.00, real=0.01 secs] 
5.290: [GC 5.290: [ParNew: 18459K->951K(19136K), 0.0033480 secs] 33562K->16054K(83008K) icms_dc=21 , 0.0034310 secs] [Times: user=0.01 sys=0.00, real=0.01 secs] 
5.481: [CMS-concurrent-abortable-preclean: 0.044/0.694 secs] [Times: user=1.13 sys=0.03, real=0.69 secs] 
5.493: [GC[YG occupancy: 8064 K (19136 K)]5.493: [Rescan (parallel) , 0.0028550 secs]5.496: [weak refs processing, 0.0000150 secs] [1 CMS-remark: 15103K(63872K)] 23167K(83008K), 0.0029780 secs] [Times: user=0.00 sys=0.00, real=0.00 secs] 
5.496: [CMS-concurrent-sweep-start]
5.508: [CMS-concurrent-sweep: 0.012/0.012 secs] [Times: user=0.02 sys=0.00, real=0.01 secs] 
5.508: [CMS-concurrent-reset-start]
5.528: [CMS-concurrent-reset: 0.020/0.020 secs] [Times: user=0.03 sys=0.00, real=0.02 secs] 
5.864: [GC 5.864: [ParNew: 17975K->2112K(19136K), 0.0274730 secs] 31857K->19793K(83008K) icms_dc=16 , 0.0275630 secs] [Times: user=0.05 sys=0.00, real=0.02 secs] 
6.196: [GC [1 CMS-initial-mark: 17681K(63872K)] 27221K(83008K), 0.0094430 secs] [Times: user=0.02 sys=0.00, real=0.01 secs] 
6.206: [CMS-concurrent-mark-start]
6.344: [CMS-concurrent-mark: 0.136/0.137 secs] [Times: user=0.26 sys=0.01, real=0.14 secs] 
6.344: [CMS-concurrent-preclean-start]
6.344: [CMS-concurrent-preclean: 0.001/0.001 secs] [Times: user=0.00 sys=0.00, real=0.00 secs] 
6.344: [CMS-concurrent-abortable-preclean-start]
6.478: [GC 6.478: [ParNew: 19136K->2112K(19136K), 0.0486970 secs] 36817K->29715K(83008K) icms_dc=31 , 0.0487920 secs] [Times: user=0.09 sys=0.00, real=0.05 secs] 
6.842: [CMS-concurrent-abortable-preclean: 0.049/0.498 secs] [Times: user=0.91 sys=0.02, real=0.49 secs] 
6.842: [GC[YG occupancy: 13201 K (19136 K)]6.842: [Rescan (parallel) , 0.0059880 secs]6.848: [weak refs processing, 0.0000070 secs] [1 CMS-remark: 27603K(63872K)] 40805K(83008K), 0.0060970 secs] [Times: user=0.01 sys=0.00, real=0.01 secs] 
6.849: [CMS-concurrent-sweep-start]
6.866: [CMS-concurrent-sweep: 0.018/0.018 secs] [Times: user=0.03 sys=0.00, real=0.02 secs] 
6.866: [CMS-concurrent-reset-start]
6.876: [CMS-concurrent-reset: 0.010/0.010 secs] [Times: user=0.02 sys=0.00, real=0.01 secs] 
7.081: [GC 7.081: [ParNew: 19136K->2112K(19136K), 0.0351440 secs] 45512K->35655K(83008K) icms_dc=46 , 0.0352430 secs] [Times: user=0.06 sys=0.01, real=0.04 secs] 
7.264: [GC [1 CMS-initial-mark: 33543K(63872K)] 40384K(83008K), 0.0087830 secs] [Times: user=0.01 sys=0.00, real=0.01 secs] 
7.275: [CMS-concurrent-mark-start]
7.485: [CMS-concurrent-mark: 0.204/0.210 secs] [Times: user=0.41 sys=0.00, real=0.21 secs] 
7.485: [CMS-concurrent-preclean-start]
7.489: [CMS-concurrent-preclean: 0.003/0.003 secs] [Times: user=0.00 sys=0.00, real=0.00 secs] 
7.489: [CMS-concurrent-abortable-preclean-start]
7.836: [GC 7.837: [ParNew: 19136K->2112K(19136K), 0.0349230 secs] 52679K->39043K(83008K) icms_dc=61 , 0.0350350 secs] [Times: user=0.06 sys=0.01, real=0.04 secs] 
8.326: [CMS-concurrent-abortable-preclean: 0.157/0.837 secs] [Times: user=1.58 sys=0.06, real=0.84 secs] 
8.326: [GC[YG occupancy: 10742 K (19136 K)]8.326: [Rescan (parallel) , 0.0077280 secs]8.334: [weak refs processing, 0.0000060 secs] [1 CMS-remark: 36931K(63872K)] 47673K(83008K), 0.0078270 secs] [Times: user=0.01 sys=0.00, real=0.01 secs] 
8.334: [CMS-concurrent-sweep-start]
8.380: [CMS-concurrent-sweep: 0.046/0.046 secs] [Times: user=0.09 sys=0.00, real=0.04 secs] 
8.380: [CMS-concurrent-reset-start]
8.400: [CMS-concurrent-reset: 0.019/0.019 secs] [Times: user=0.03 sys=0.00, real=0.02 secs] 
8.525: [GC 8.525: [ParNew: 19136K->2112K(19136K), 0.0337370 secs] 56029K->42923K(83008K) icms_dc=46 , 0.0338380 secs] [Times: user=0.07 sys=0.00, real=0.03 secs] 
8.698: [GC [1 CMS-initial-mark: 40811K(63872K)] 47618K(83008K), 0.0117820 secs] [Times: user=0.01 sys=0.00, real=0.01 secs] 
8.731: [CMS-concurrent-mark-start]
9.171: [GC 9.171: [ParNew: 18640K->2112K(19136K), 0.0389240 secs] 59451K->47132K(83008K) icms_dc=61 , 0.0390270 secs] [Times: user=0.06 sys=0.01, real=0.04 secs] 
9.649: [CMS-concurrent-mark: 0.270/0.918 secs] [Times: user=1.66 sys=0.05, real=0.92 secs] 
9.649: [CMS-concurrent-preclean-start]
9.741: [CMS-concurrent-preclean: 0.070/0.092 secs] [Times: user=0.15 sys=0.00, real=0.09 secs] 
9.741: [CMS-concurrent-abortable-preclean-start]
11.612: [GC 11.612: [ParNew: 19136K->2112K(19136K), 0.0239020 secs] 64156K->50246K(83008K) icms_dc=61 , 0.0239940 secs] [Times: user=0.05 sys=0.00, real=0.02 secs] 
12.187: [CMS-concurrent-abortable-preclean: 0.429/2.446 secs] [Times: user=4.72 sys=0.06, real=2.45 secs] 
12.202: [GC[YG occupancy: 11942 K (19136 K)]12.202: [Rescan (parallel) , 0.0199010 secs]12.222: [weak refs processing, 0.0000070 secs] [1 CMS-remark: 48134K(63872K)] 60077K(83008K), 0.0200110 secs] [Times: user=0.04 sys=0.00, real=0.02 secs] 
12.222: [CMS-concurrent-sweep-start]
12.284: [CMS-concurrent-sweep: 0.062/0.062 secs] [Times: user=0.13 sys=0.00, real=0.06 secs] 
12.284: [CMS-concurrent-reset-start]
12.308: [CMS-concurrent-reset: 0.024/0.024 secs] [Times: user=0.04 sys=0.00, real=0.02 secs] 
12.754: [GC 12.754: [ParNew: 19136K->2112K(19136K), 0.0271900 secs] 66986K->51496K(98888K) icms_dc=46 , 0.0272890 secs] [Times: user=0.05 sys=0.00, real=0.02 secs] 
13.088: [GC [1 CMS-initial-mark: 49384K(79752K)] 56142K(98888K), 0.0150330 secs] [Times: user=0.03 sys=0.00, real=0.02 secs] 
13.111: [CMS-concurrent-mark-start]
13.332: [CMS-concurrent-mark: 0.220/0.221 secs] [Times: user=0.44 sys=0.00, real=0.22 secs] 
13.332: [CMS-concurrent-preclean-start]
13.350: [CMS-concurrent-preclean: 0.018/0.018 secs] [Times: user=0.02 sys=0.00, real=0.01 secs] 
13.350: [CMS-concurrent-abortable-preclean-start]
13.824: [GC 13.824: [ParNew: 19136K->1722K(19136K), 0.0226080 secs] 68520K->52800K(98888K) icms_dc=46 , 0.0227000 secs] [Times: user=0.04 sys=0.00, real=0.02 secs] 
14.109: [CMS-concurrent-abortable-preclean: 0.154/0.759 secs] [Times: user=1.44 sys=0.04, real=0.76 secs] 
14.110: [GC[YG occupancy: 16890 K (19136 K)]14.110: [Rescan (parallel) , 0.0136260 secs]14.123: [weak refs processing, 0.0000100 secs] [1 CMS-remark: 51077K(79752K)] 67967K(98888K), 0.0137410 secs] [Times: user=0.02 sys=0.00, real=0.02 secs] 
14.124: [CMS-concurrent-sweep-start]
14.153: [GC 14.153: [ParNew: 18746K->2112K(19136K), 0.0173160 secs] 69824K->54328K(98888K) icms_dc=46 , 0.0174010 secs] [Times: user=0.03 sys=0.00, real=0.01 secs] 
14.345: [GC 14.345: [ParNew: 19136K->2112K(19136K), 0.0197690 secs] 62507K->47483K(98888K) icms_dc=46 , 0.0198610 secs] [Times: user=0.04 sys=0.00, real=0.02 secs] 
14.378: [CMS-concurrent-sweep: 0.081/0.254 secs] [Times: user=0.43 sys=0.01, real=0.25 secs] 
14.378: [CMS-concurrent-reset-start]
14.387: [CMS-concurrent-reset: 0.009/0.009 secs] [Times: user=0.02 sys=0.00, real=0.01 secs] 
14.419: [GC 14.419: [ParNew: 19136K->1986K(19136K), 0.0114100 secs] 64330K->49282K(98888K) icms_dc=35 , 0.0115130 secs] [Times: user=0.02 sys=0.00, real=0.01 secs] 
14.444: [GC [1 CMS-initial-mark: 47295K(79752K)] 55003K(98888K), 0.0065570 secs] [Times: user=0.00 sys=0.00, real=0.00 secs] 
14.450: [CMS-concurrent-mark-start]
14.802: [GC 14.802: [ParNew: 19010K->1091K(19136K), 0.0031500 secs] 66306K->48387K(98888K) icms_dc=35 , 0.0032460 secs] [Times: user=0.01 sys=0.00, real=0.00 secs] 
14.911: [CMS-concurrent-mark: 0.087/0.461 secs] [Times: user=0.41 sys=0.01, real=0.47 secs] 
14.911: [CMS-concurrent-preclean-start]
14.913: [CMS-concurrent-preclean: 0.001/0.001 secs] [Times: user=0.01 sys=0.00, real=0.00 secs] 
14.913: [CMS-concurrent-abortable-preclean-start]
14.968: [GC 14.968: [ParNew: 18115K->2112K(19136K), 0.0089300 secs] 65411K->49731K(98888K) icms_dc=35 , 0.0090200 secs] [Times: user=0.02 sys=0.00, real=0.01 secs] 
15.054: [GC 15.054: [ParNew: 19136K->2112K(19136K), 0.0225910 secs] 66755K->51619K(98888K) icms_dc=41 , 0.0226910 secs] [Times: user=0.04 sys=0.00, real=0.02 secs] 
15.107: [CMS-concurrent-abortable-preclean: 0.016/0.194 secs] [Times: user=0.38 sys=0.00, real=0.19 secs] 
15.107: [GC[YG occupancy: 7252 K (19136 K)]15.107: [Rescan (parallel) , 0.0043900 secs]15.112: [weak refs processing, 0.0000120 secs] [1 CMS-remark: 49507K(79752K)] 56759K(98888K), 0.0045020 secs] [Times: user=0.01 sys=0.00, real=0.01 secs] 
15.114: [CMS-concurrent-sweep-start]
15.283: [CMS-concurrent-sweep: 0.169/0.169 secs] [Times: user=0.32 sys=0.01, real=0.17 secs] 
15.283: [CMS-concurrent-reset-start]
15.314: [CMS-concurrent-reset: 0.031/0.031 secs] [Times: user=0.06 sys=0.00, real=0.03 secs] 
15.633: [GC 15.633: [ParNew: 19136K->848K(19136K), 0.0038360 secs] 46796K->28702K(98888K) icms_dc=31 , 0.0039190 secs] [Times: user=0.01 sys=0.00, real=0.00 secs] 
15.862: [GC [1 CMS-initial-mark: 27853K(79752K)] 34581K(98888K), 0.0048880 secs] [Times: user=0.00 sys=0.00, real=0.01 secs] 
15.867: [CMS-concurrent-mark-start]
15.919: [Full GC (System) 15.919: [CMS15.990: [CMS-concurrent-mark: 0.084/0.124 secs] [Times: user=0.13 sys=0.00, real=0.12 secs] 
 (concurrent mode interrupted): 27853K->26014K(79752K), 0.3045870 secs] 44524K->26014K(98888K), [CMS Perm : 16716K->16699K(27292K)] icms_dc=31 , 0.3047610 secs] [Times: user=0.31 sys=0.00, real=0.31 secs] 
Heap
 par new generation   total 19136K, used 337K [0x00000000b0000000, 0x00000000b14c0000, 0x00000000b2990000)
  eden space 17024K,   1% used [0x00000000b0000000, 0x00000000b0054678, 0x00000000b10a0000)
  from space 2112K,   0% used [0x00000000b12b0000, 0x00000000b12b0000, 0x00000000b14c0000)
  to   space 2112K,   0% used [0x00000000b10a0000, 0x00000000b10a0000, 0x00000000b12b0000)
 concurrent mark-sweep generation total 79752K, used 26014K [0x00000000b2990000, 0x00000000b7772000, 0x00000000f0000000)
 concurrent-mark-sweep perm gen total 27836K, used 16711K [0x00000000f0000000, 0x00000000f1b2f000, 0x0000000100000000)
